C:\Program Files (x86)\Microsoft Visual Studio\2017\Community\Common7\IDE\VC\VCTargets\Microsoft.CppBuild.targets(391,5): warning MSB8028: промежуточный каталог (Release\) содержит файлы, которые используются совместно с другим проектом (BrickChallenger.vcxproj, Project28.vcxproj).  Это может привести к ошибкам очистки и перестроения.
  GameWindow.cpp
c:\users\home\source\repos\course_vlad\project28 — копия\project28\gamewindow.cpp(87): warning C4018: >=: несоответствие типов со знаком и без знака
c:\users\home\source\repos\course_vlad\project28 — копия\project28\gamewindow.cpp(93): warning C4244: аргумент: преобразование "T" в "float", возможна потеря данных
          with
          [
              T=unsigned int
          ]
c:\users\home\source\repos\course_vlad\project28 — копия\project28\gamewindow.cpp(96): warning C4244: инициализация: преобразование "float" в "sf::Int64", возможна потеря данных
c:\users\home\source\repos\course_vlad\project28 — копия\project28\gamewindow.cpp(101): warning C4244: аргумент: преобразование "T" в "float", возможна потеря данных
          with
          [
              T=unsigned int
          ]
c:\users\home\source\repos\course_vlad\project28 — копия\project28\gamewindow.cpp(123): warning C4244: аргумент: преобразование "int" в "float", возможна потеря данных
  Создание кода
  21 of 362 functions ( 5.8%) were compiled, the rest were copied from previous compilation.
    0 functions were new in current compilation
    2 functions had inline decision re-evaluated but remain unchanged
  Создание кода завершено
  Project28.vcxproj -> C:\Users\Home\source\repos\Course_Vlad\Project28 — копия\Release\SmartBrick.exe
