c:\users\home\source\repos\project28 — копия\project28\release\vc141.pdb
c:\users\home\source\repos\project28 — копия\project28\release\source.obj
c:\users\home\source\repos\project28 — копия\project28\release\player.obj
c:\users\home\source\repos\project28 — копия\project28\release\bullet.obj
c:\users\home\source\repos\project28 — копия\project28\release\gamewindow.obj
c:\users\home\source\repos\project28 — копия\project28\release\block.obj
c:\users\home\source\repos\project28 — копия\project28\release\state.obj
c:\users\home\source\repos\project28 — копия\project28\release\gamestate.obj
c:\users\home\source\repos\project28 — копия\project28\release\mainmenustate.obj
c:\users\home\source\repos\project28 — копия\project28\release\button.obj
c:\users\home\source\repos\project28 — копия\release\project28.exe
c:\users\home\source\repos\project28 — копия\release\project28.pdb
c:\users\home\source\repos\project28 — копия\release\project28.ipdb
c:\users\home\source\repos\project28 — копия\release\project28.iobj
c:\users\home\source\repos\project28 — копия\project28\release\hack.obj
c:\users\home\source\repos\project28 — копия\project28\release\sntp.obj
c:\users\home\source\repos\project28 — копия\project28\release\stdafx.obj
c:\users\home\source\repos\project28 — копия\project28\release\project28.res
c:\users\home\source\repos\project28 — копия\project28\release\project28.tlog\cl.command.1.tlog
c:\users\home\source\repos\project28 — копия\project28\release\project28.tlog\cl.read.1.tlog
c:\users\home\source\repos\project28 — копия\project28\release\project28.tlog\cl.write.1.tlog
c:\users\home\source\repos\project28 — копия\project28\release\project28.tlog\link.command.1.tlog
c:\users\home\source\repos\project28 — копия\project28\release\project28.tlog\link.read.1.tlog
c:\users\home\source\repos\project28 — копия\project28\release\project28.tlog\link.write.1.tlog
c:\users\home\source\repos\project28 — копия\project28\release\project28.tlog\project28.write.1u.tlog
c:\users\home\source\repos\project28 — копия\project28\release\project28.tlog\rc.command.1.tlog
c:\users\home\source\repos\project28 — копия\project28\release\project28.tlog\rc.read.1.tlog
c:\users\home\source\repos\project28 — копия\project28\release\project28.tlog\rc.write.1.tlog
